<?xml version="1.0" encoding="utf-8"?><testsuites name="pytest tests"><testsuite name="pytest" errors="0" failures="0" skipped="0" tests="10" time="1.785" timestamp="2026-03-02T12:00:52.972598+00:00" hostname="agent-env-9d1e50cc-da4a-4a5e-9630-7d14e26ce009"><testcase classname="backend.tests.test_mwa_api.TestHealthAndRoot" name="test_api_root_returns_200" time="0.202" /><testcase classname="backend.tests.test_mwa_api.TestContactForm" name="test_contact_form_submission_success" time="0.187" /><testcase classname="backend.tests.test_mwa_api.TestContactForm" name="test_contact_form_validation_missing_email" time="0.174" /><testcase classname="backend.tests.test_mwa_api.TestContactForm" name="test_contact_form_validation_missing_name" time="0.152" /><testcase classname="backend.tests.test_mwa_api.TestRFQForm" name="test_rfq_form_submission_success" time="0.112" /><testcase classname="backend.tests.test_mwa_api.TestRFQForm" name="test_rfq_form_validation_missing_company" time="0.109" /><testcase classname="backend.tests.test_mwa_api.TestAdminEndpoints" name="test_admin_contacts_endpoint" time="0.111" /><testcase classname="backend.tests.test_mwa_api.TestAdminEndpoints" name="test_admin_rfqs_endpoint" time="0.143" /><testcase classname="backend.tests.test_mwa_api.TestSubmissionAndRetrieval" name="test_contact_submission_appears_in_admin" time="0.209" /><testcase classname="backend.tests.test_mwa_api.TestSubmissionAndRetrieval" name="test_rfq_submission_appears_in_admin" time="0.206" /></testsuite></testsuites>